# JRE version: Java(TM) SE Runtime Environment (8.0_261-b12) (build 1.8.0_261-b12)
# Java VM: Java HotSpot(TM) Client VM (25.261-b12 mixed mode windows-x86 )
Heap:
 def new generation   total 4928K, used 2848K [0x04c00000, 0x05150000, 0x0a150000)
  eden space 4416K,  52% used [0x04c00000, 0x04e48060, 0x05050000)
  from space 512K, 100% used [0x05050000, 0x050d0000, 0x050d0000)
  to   space 512K,   0% used [0x050d0000, 0x050d0000, 0x05150000)
 tenured generation   total 10944K, used 8835K [0x0a150000, 0x0ac00000, 0x14c00000)
   the space 10944K,  80% used [0x0a150000, 0x0a9f0e80, 0x0a9f1000, 0x0ac00000)
 Metaspace       used 11342K, capacity 12063K, committed 12160K, reserved 12672K
GC Heap History (10 events):
Event: 1.100 GC heap before
{Heap before GC invocations=7 (full 0):
 def new generation   total 4928K, used 4605K [0x04c00000, 0x05150000, 0x0a150000)
  eden space 4416K,  99% used [0x04c00000, 0x0504acd8, 0x05050000)
  from space 512K,  41% used [0x050d0000, 0x051048a8, 0x05150000)
  to   space 512K,   0% used [0x05050000, 0x05050000, 0x050d0000)
 tenured generation   total 10944K, used 3764K [0x0a150000, 0x0ac00000, 0x14c00000)
   the space 10944K,  34% used [0x0a150000, 0x0a4fd1e8, 0x0a4fd200, 0x0ac00000)
 Metaspace       used 9147K, capacity 9622K, committed 9728K, reserved 10624K
Event: 1.103 GC heap after
Heap after GC invocations=8 (full 0):
 def new generation   total 4928K, used 512K [0x04c00000, 0x05150000, 0x0a150000)
  eden space 4416K,   0% used [0x04c00000, 0x04c00000, 0x05050000)
  from space 512K, 100% used [0x05050000, 0x050d0000, 0x050d0000)
  to   space 512K,   0% used [0x050d0000, 0x050d0000, 0x05150000)
 tenured generation   total 10944K, used 3927K [0x0a150000, 0x0ac00000, 0x14c00000)
   the space 10944K,  35% used [0x0a150000, 0x0a525c90, 0x0a525e00, 0x0ac00000)
 Metaspace       used 9147K, capacity 9622K, committed 9728K, reserved 10624K
}
Event: 1.203 GC heap before
{Heap before GC invocations=8 (full 0):
 def new generation   total 4928K, used 4167K [0x04c00000, 0x05150000, 0x0a150000)
  eden space 4416K,  82% used [0x04c00000, 0x04f91ea0, 0x05050000)
  from space 512K, 100% used [0x05050000, 0x050d0000, 0x050d0000)
  to   space 512K,   0% used [0x050d0000, 0x050d0000, 0x05150000)
 tenured generation   total 10944K, used 3927K [0x0a150000, 0x0ac00000, 0x14c00000)
   the space 10944K,  35% used [0x0a150000, 0x0a525c90, 0x0a525e00, 0x0ac00000)
 Metaspace       used 9894K, capacity 10411K, committed 10496K, reserved 10624K
Event: 1.209 GC heap after
Heap after GC invocations=9 (full 0):
 def new generation   total 4928K, used 488K [0x04c00000, 0x05150000, 0x0a150000)
  eden space 4416K,   0% used [0x04c00000, 0x04c00000, 0x05050000)
  from space 512K,  95% used [0x050d0000, 0x0514a240, 0x05150000)
  to   space 512K,   0% used [0x05050000, 0x05050000, 0x050d0000)
 tenured generation   total 10944K, used 4420K [0x0a150000, 0x0ac00000, 0x14c00000)
   the space 10944K,  40% used [0x0a150000, 0x0a5a1338, 0x0a5a1400, 0x0ac00000)
 Metaspace       used 9894K, capacity 10411K, committed 10496K, reserved 10624K
}
Event: 2.284 GC heap before
{Heap before GC invocations=9 (full 0):
 def new generation   total 4928K, used 4904K [0x04c00000, 0x05150000, 0x0a150000)
  eden space 4416K, 100% used [0x04c00000, 0x05050000, 0x05050000)
  from space 512K,  95% used [0x050d0000, 0x0514a240, 0x05150000)
  to   space 512K,   0% used [0x05050000, 0x05050000, 0x050d0000)
 tenured generation   total 10944K, used 4420K [0x0a150000, 0x0ac00000, 0x14c00000)
   the space 10944K,  40% used [0x0a150000, 0x0a5a1338, 0x0a5a1400, 0x0ac00000)
 Metaspace       used 10229K, capacity 10771K, committed 10880K, reserved 11648K
Event: 2.288 GC heap after
Heap after GC invocations=10 (full 0):
 def new generation   total 4928K, used 106K [0x04c00000, 0x05150000, 0x0a150000)
  eden space 4416K,   0% used [0x04c00000, 0x04c00000, 0x05050000)
  from space 512K,  20% used [0x05050000, 0x0506aa70, 0x050d0000)
  to   space 512K,   0% used [0x050d0000, 0x050d0000, 0x05150000)
 tenured generation   total 10944K, used 7724K [0x0a150000, 0x0ac00000, 0x14c00000)
   the space 10944K,  70% used [0x0a150000, 0x0a8db2d0, 0x0a8db400, 0x0ac00000)
 Metaspace       used 10229K, capacity 10771K, committed 10880K, reserved 11648K
}
Event: 2.369 GC heap before
{Heap before GC invocations=10 (full 0):
 def new generation   total 4928K, used 4522K [0x04c00000, 0x05150000, 0x0a150000)
  eden space 4416K, 100% used [0x04c00000, 0x05050000, 0x05050000)
  from space 512K,  20% used [0x05050000, 0x0506aa70, 0x050d0000)
  to   space 512K,   0% used [0x050d0000, 0x050d0000, 0x05150000)
 tenured generation   total 10944K, used 7724K [0x0a150000, 0x0ac00000, 0x14c00000)
   the space 10944K,  70% used [0x0a150000, 0x0a8db2d0, 0x0a8db400, 0x0ac00000)
 Metaspace       used 10655K, capacity 11259K, committed 11264K, reserved 11648K
Event: 2.371 GC heap after
Heap after GC invocations=11 (full 0):
 def new generation   total 4928K, used 503K [0x04c00000, 0x05150000, 0x0a150000)
  eden space 4416K,   0% used [0x04c00000, 0x04c00000, 0x05050000)
  from space 512K,  98% used [0x050d0000, 0x0514dcd8, 0x05150000)
  to   space 512K,   0% used [0x05050000, 0x05050000, 0x050d0000)
 tenured generation   total 10944K, used 8184K [0x0a150000, 0x0ac00000, 0x14c00000)
   the space 10944K,  74% used [0x0a150000, 0x0a94e328, 0x0a94e400, 0x0ac00000)
 Metaspace       used 10655K, capacity 11259K, committed 11264K, reserved 11648K
}
Event: 2.496 GC heap before
{Heap before GC invocations=11 (full 0):
 def new generation   total 4928K, used 4919K [0x04c00000, 0x05150000, 0x0a150000)
  eden space 4416K, 100% used [0x04c00000, 0x05050000, 0x05050000)
  from space 512K,  98% used [0x050d0000, 0x0514dcd8, 0x05150000)
  to   space 512K,   0% used [0x05050000, 0x05050000, 0x050d0000)
 tenured generation   total 10944K, used 8184K [0x0a150000, 0x0ac00000, 0x14c00000)
   the space 10944K,  74% used [0x0a150000, 0x0a94e328, 0x0a94e400, 0x0ac00000)
 Metaspace       used 11225K, capacity 11947K, committed 12032K, reserved 12672K
Event: 2.500 GC heap after
Heap after GC invocations=12 (full 0):
 def new generation   total 4928K, used 512K [0x04c00000, 0x05150000, 0x0a150000)
  eden space 4416K,   0% used [0x04c00000, 0x04c00000, 0x05050000)
  from space 512K, 100% used [0x05050000, 0x050d0000, 0x050d0000)
  to   space 512K,   0% used [0x050d0000, 0x050d0000, 0x05150000)
 tenured generation   total 10944K, used 8835K [0x0a150000, 0x0ac00000, 0x14c00000)
   the space 10944K,  80% used [0x0a150000, 0x0a9f0e80, 0x0a9f1000, 0x0ac00000)
 Metaspace       used 11225K, capacity 11947K, committed 12032K, reserved 12672K
}

